{"type":"server-started","port":62729,"host":"127.0.0.1","url_host":"localhost","url":"http://localhost:62729","screen_dir":"/Users/tacettinsertkaya/Projects/frame-launch-app/.superpowers/brainstorm/19562-1777063952/content","state_dir":"/Users/tacettinsertkaya/Projects/frame-launch-app/.superpowers/brainstorm/19562-1777063952/state"}
{"type":"screen-added","file":"/Users/tacettinsertkaya/Projects/frame-launch-app/.superpowers/brainstorm/19562-1777063952/content/ready.html"}
{"type":"screen-added","file":"/Users/tacettinsertkaya/Projects/frame-launch-app/.superpowers/brainstorm/19562-1777063952/content/brand-direction.html"}
{"type":"screen-added","file":"/Users/tacettinsertkaya/Projects/frame-launch-app/.superpowers/brainstorm/19562-1777063952/content/ui-style-directions-20260425.html"}
{"type":"screen-added","file":"/Users/tacettinsertkaya/Projects/frame-launch-app/.superpowers/brainstorm/19562-1777063952/content/ui-style-directions-no-glass-20260425.html"}
{"source":"user-event","type":"click","text":"Studio Pro\n      Warm, premium, calmer, solid editorial panels, refined shadows, and less visual intensity while still feeling polished.","choice":"studio-pro","id":null,"timestamp":1777065213765}
{"source":"user-event","type":"click","text":"Studio Pro\n      Warm, premium, calmer, solid editorial panels, refined shadows, and less visual intensity while still feeling polished.","choice":"studio-pro","id":null,"timestamp":1777065221879}
{"source":"user-event","type":"click","text":"Studio Pro\n      Warm, premium, calmer, solid editorial panels, refined shadows, and less visual intensity while still feeling polished.","choice":"studio-pro","id":null,"timestamp":1777065222922}
{"source":"user-event","type":"click","text":"Studio Pro\n      Warm, premium, calmer, solid editorial panels, refined shadows, and less visual intensity while still feeling polished.","choice":"studio-pro","id":null,"timestamp":1777065223492}
{"source":"user-event","type":"click","text":"Studio Pro\n      Warm, premium, calmer, solid editorial panels, refined shadows, and less visual intensity while still feeling polished.","choice":"studio-pro","id":null,"timestamp":1777065223743}
{"source":"user-event","type":"click","text":"Studio Pro\n      Warm, premium, calmer, solid editorial panels, refined shadows, and less visual intensity while still feeling polished.","choice":"studio-pro","id":null,"timestamp":1777065224807}
{"source":"user-event","type":"click","text":"Studio Pro\n      Warm, premium, calmer, solid editorial panels, refined shadows, and less visual intensity while still feeling polished.","choice":"studio-pro","id":null,"timestamp":1777065225001}
{"source":"user-event","type":"click","text":"Studio Pro\n      Warm, premium, calmer, solid editorial panels, refined shadows, and less visual intensity while still feeling polished.","choice":"studio-pro","id":null,"timestamp":1777065225251}
{"source":"user-event","type":"click","text":"Studio Pro\n      Warm, premium, calmer, solid editorial panels, refined shadows, and less visual intensity while still feeling polished.","choice":"studio-pro","id":null,"timestamp":1777065229043}
{"source":"user-event","type":"click","text":"Studio Pro\n      Warm, premium, calmer, solid editorial panels, refined shadows, and less visual intensity while still feeling polished.","choice":"studio-pro","id":null,"timestamp":1777065231346}
{"source":"user-event","type":"click","text":"Launch Console\n      Dark black-and-gold, high energy, animated glow, stronger selected states, and a more dramatic preview stage.","choice":"launch-console","id":null,"timestamp":1777065368861}
{"source":"user-event","type":"click","text":"Studio Pro\n      Warm, premium, calmer, solid editorial panels, refined shadows, and less visual intensity while still feeling polished.","choice":"studio-pro","id":null,"timestamp":1777065369655}
{"source":"user-event","type":"click","text":"Studio Pro\n      Warm, premium, calmer, solid editorial panels, refined shadows, and less visual intensity while still feeling polished.","choice":"studio-pro","id":null,"timestamp":1777065671753}
{"source":"user-event","type":"click","text":"Studio Pro\n      Warm, premium, calmer, solid editorial panels, refined shadows, and less visual intensity while still feeling polished.","choice":"studio-pro","id":null,"timestamp":1777065672688}
{"type":"server-stopped","reason":"idle timeout"}
